[INFO] 31-05-2024 21:24:48 [main] LogUtils - Request: 

[INFO] 31-05-2024 21:25:33 [main] LogUtils - Request: 

[INFO] 31-05-2024 21:26:19 [main] LogUtils - Request: 

[INFO] 31-05-2024 21:26:34 [main] LogUtils - Request: 

[INFO] 31-05-2024 21:27:04 [main] LogUtils - Request: 

[INFO] 31-05-2024 21:27:40 [main] LogUtils - Request: 

[INFO] 31-05-2024 21:30:24 [main] LogUtils - Request: 

[INFO] 31-05-2024 21:51:37 [main] LogUtils - https://api-m.sandbox.paypal.com/v2/checkout/orders
[INFO] 31-05-2024 21:51:38 [main] LogUtils - Request: 

[INFO] 31-05-2024 21:54:13 [main] LogUtils - https://api-m.sandbox.paypal.com/v2/checkout/orders
[INFO] 31-05-2024 21:58:31 [main] LogUtils - Request: 

[INFO] 31-05-2024 21:58:41 [main] LogUtils - https://api-m.sandbox.paypal.com/v2/checkout/orders
[INFO] 31-05-2024 21:58:42 [main] LogUtils - Request: 

[INFO] 31-05-2024 22:03:09 [main] LogUtils - https://api-m.sandbox.paypal.com/v2/checkout/orders
[INFO] 31-05-2024 22:03:10 [main] LogUtils - Request: 

[INFO] 31-05-2024 22:03:12 [main] LogUtils - Response Status Code: 401
[INFO] 31-05-2024 22:03:12 [main] LogUtils - Response Body: {"error":"invalid_token","error_description":"Access Token not found in cache"}
[INFO] 31-05-2024 22:08:56 [main] LogUtils - https://api-m.sandbox.paypal.com/v2/checkout/orders
[INFO] 31-05-2024 22:08:57 [main] LogUtils - Request: 

[INFO] 31-05-2024 22:09:00 [main] LogUtils - Response Status Code: 201
[INFO] 31-05-2024 22:09:00 [main] LogUtils - Response Body: {"id":"1YF165765F412004V","intent":"CAPTURE","status":"CREATED","purchase_units":[{"reference_id":"default","amount":{"currency_code":"USD","value":"100.00","breakdown":{"item_total":{"currency_code":"USD","value":"100.00"}}},"payee":{"email_address":"john_merchant@example.com","merchant_id":"C7CYMKZDG8D6E"},"items":[{"name":"T-Shirt2","unit_amount":{"currency_code":"USD","value":"100.00"},"quantity":"1","description":"Green XL"}]}],"create_time":"2024-05-31T15:08:59Z","links":[{"href":"https://api.sandbox.paypal.com/v2/checkout/orders/1YF165765F412004V","rel":"self","method":"GET"},{"href":"https://www.sandbox.paypal.com/checkoutnow?token=1YF165765F412004V","rel":"approve","method":"GET"},{"href":"https://api.sandbox.paypal.com/v2/checkout/orders/1YF165765F412004V","rel":"update","method":"PATCH"},{"href":"https://api.sandbox.paypal.com/v2/checkout/orders/1YF165765F412004V/capture","rel":"capture","method":"POST"}]}
[INFO] 31-05-2024 22:11:01 [main] LogUtils - https://api-m.sandbox.paypal.com/v2/checkout/orders
[INFO] 31-05-2024 22:11:02 [main] LogUtils - Request: 

[INFO] 31-05-2024 22:11:04 [main] LogUtils - Response Status Code: 200
[INFO] 31-05-2024 22:11:04 [main] LogUtils - Response Body: 
{
  "id": "1YF165765F412004V",
  "intent": "CAPTURE",
  "status": "CREATED",
  "purchase_units": [
    {
      "reference_id": "default",
      "amount": {
        "currency_code": "USD",
        "value": "100.00",
        "breakdown": {
          "item_total": {
            "currency_code": "USD",
            "value": "100.00"
          }
        }
      },
      "payee": {
        "email_address": "john_merchant@example.com",
        "merchant_id": "C7CYMKZDG8D6E"
      },
      "soft_descriptor": "JOHNMERCHAN",
      "items": [
        {
          "name": "T-Shirt2",
          "unit_amount": {
            "currency_code": "USD",
            "value": "100.00"
          },
          "quantity": "1",
          "description": "Green XL"
        }
      ]
    }
  ],
  "create_time": "2024-05-31T15:08:59Z",
  "links": [
    {
      "href": "https://api.sandbox.paypal.com/v2/checkout/orders/1YF165765F412004V",
      "rel": "self",
      "method": "GET"
    },
    {
      "href": "https://www.sandbox.paypal.com/checkoutnow?token\u003d1YF165765F412004V",
      "rel": "approve",
      "method": "GET"
    },
    {
      "href": "https://api.sandbox.paypal.com/v2/checkout/orders/1YF165765F412004V",
      "rel": "update",
      "method": "PATCH"
    },
    {
      "href": "https://api.sandbox.paypal.com/v2/checkout/orders/1YF165765F412004V/capture",
      "rel": "capture",
      "method": "POST"
    }
  ]
}
[INFO] 31-05-2024 22:13:17 [main] LogUtils - https://api-m.sandbox.paypal.com/v2/checkout/orders
[INFO] 31-05-2024 22:13:29 [main] LogUtils - Request: 

[INFO] 31-05-2024 22:13:40 [main] LogUtils - Response Status Code: 200
[INFO] 31-05-2024 22:13:40 [main] LogUtils - Response Body: 
{
  "id": "1YF165765F412004V",
  "intent": "CAPTURE",
  "status": "CREATED",
  "purchase_units": [
    {
      "reference_id": "default",
      "amount": {
        "currency_code": "USD",
        "value": "100.00",
        "breakdown": {
          "item_total": {
            "currency_code": "USD",
            "value": "100.00"
          }
        }
      },
      "payee": {
        "email_address": "john_merchant@example.com",
        "merchant_id": "C7CYMKZDG8D6E"
      },
      "soft_descriptor": "JOHNMERCHAN",
      "items": [
        {
          "name": "T-Shirt2",
          "unit_amount": {
            "currency_code": "USD",
            "value": "100.00"
          },
          "quantity": "1",
          "description": "Green XL"
        }
      ]
    }
  ],
  "create_time": "2024-05-31T15:08:59Z",
  "links": [
    {
      "href": "https://api.sandbox.paypal.com/v2/checkout/orders/1YF165765F412004V",
      "rel": "self",
      "method": "GET"
    },
    {
      "href": "https://www.sandbox.paypal.com/checkoutnow?token\u003d1YF165765F412004V",
      "rel": "approve",
      "method": "GET"
    },
    {
      "href": "https://api.sandbox.paypal.com/v2/checkout/orders/1YF165765F412004V",
      "rel": "update",
      "method": "PATCH"
    },
    {
      "href": "https://api.sandbox.paypal.com/v2/checkout/orders/1YF165765F412004V/capture",
      "rel": "capture",
      "method": "POST"
    }
  ]
}
[INFO] 31-05-2024 22:14:18 [main] LogUtils - Request: 

[INFO] 31-05-2024 22:14:20 [main] LogUtils - Response Status Code: 200
[INFO] 31-05-2024 22:14:20 [main] LogUtils - Response Body: 
{
  "id": "1YF165765F412004V",
  "intent": "CAPTURE",
  "status": "CREATED",
  "purchase_units": [
    {
      "reference_id": "default",
      "amount": {
        "currency_code": "USD",
        "value": "100.00",
        "breakdown": {
          "item_total": {
            "currency_code": "USD",
            "value": "100.00"
          }
        }
      },
      "payee": {
        "email_address": "john_merchant@example.com",
        "merchant_id": "C7CYMKZDG8D6E"
      },
      "soft_descriptor": "JOHNMERCHAN",
      "items": [
        {
          "name": "T-Shirt2",
          "unit_amount": {
            "currency_code": "USD",
            "value": "100.00"
          },
          "quantity": "1",
          "description": "Green XL"
        }
      ]
    }
  ],
  "create_time": "2024-05-31T15:08:59Z",
  "links": [
    {
      "href": "https://api.sandbox.paypal.com/v2/checkout/orders/1YF165765F412004V",
      "rel": "self",
      "method": "GET"
    },
    {
      "href": "https://www.sandbox.paypal.com/checkoutnow?token\u003d1YF165765F412004V",
      "rel": "approve",
      "method": "GET"
    },
    {
      "href": "https://api.sandbox.paypal.com/v2/checkout/orders/1YF165765F412004V",
      "rel": "update",
      "method": "PATCH"
    },
    {
      "href": "https://api.sandbox.paypal.com/v2/checkout/orders/1YF165765F412004V/capture",
      "rel": "capture",
      "method": "POST"
    }
  ]
}
[INFO] 31-05-2024 22:16:01 [main] LogUtils - Response Status Code: 200
[INFO] 31-05-2024 22:16:01 [main] LogUtils - Response Body: 
{
  "id": "1YF165765F412004V",
  "intent": "CAPTURE",
  "status": "CREATED",
  "purchase_units": [
    {
      "reference_id": "default",
      "amount": {
        "currency_code": "USD",
        "value": "100.00",
        "breakdown": {
          "item_total": {
            "currency_code": "USD",
            "value": "100.00"
          }
        }
      },
      "payee": {
        "email_address": "john_merchant@example.com",
        "merchant_id": "C7CYMKZDG8D6E"
      },
      "soft_descriptor": "JOHNMERCHAN",
      "items": [
        {
          "name": "T-Shirt2",
          "unit_amount": {
            "currency_code": "USD",
            "value": "100.00"
          },
          "quantity": "1",
          "description": "Green XL"
        }
      ]
    }
  ],
  "create_time": "2024-05-31T15:08:59Z",
  "links": [
    {
      "href": "https://api.sandbox.paypal.com/v2/checkout/orders/1YF165765F412004V",
      "rel": "self",
      "method": "GET"
    },
    {
      "href": "https://www.sandbox.paypal.com/checkoutnow?token\u003d1YF165765F412004V",
      "rel": "approve",
      "method": "GET"
    },
    {
      "href": "https://api.sandbox.paypal.com/v2/checkout/orders/1YF165765F412004V",
      "rel": "update",
      "method": "PATCH"
    },
    {
      "href": "https://api.sandbox.paypal.com/v2/checkout/orders/1YF165765F412004V/capture",
      "rel": "capture",
      "method": "POST"
    }
  ]
}
[INFO] 31-05-2024 22:19:22 [main] LogUtils - Request: 

[INFO] 31-05-2024 22:19:24 [main] LogUtils - Response Status Code: 200
[INFO] 31-05-2024 22:19:24 [main] LogUtils - Response Body: 
{
  "id": "1YF165765F412004V",
  "intent": "CAPTURE",
  "status": "CREATED",
  "purchase_units": [
    {
      "reference_id": "default",
      "amount": {
        "currency_code": "USD",
        "value": "100.00",
        "breakdown": {
          "item_total": {
            "currency_code": "USD",
            "value": "100.00"
          }
        }
      },
      "payee": {
        "email_address": "john_merchant@example.com",
        "merchant_id": "C7CYMKZDG8D6E"
      },
      "soft_descriptor": "JOHNMERCHAN",
      "items": [
        {
          "name": "T-Shirt2",
          "unit_amount": {
            "currency_code": "USD",
            "value": "100.00"
          },
          "quantity": "1",
          "description": "Green XL"
        }
      ]
    }
  ],
  "create_time": "2024-05-31T15:08:59Z",
  "links": [
    {
      "href": "https://api.sandbox.paypal.com/v2/checkout/orders/1YF165765F412004V",
      "rel": "self",
      "method": "GET"
    },
    {
      "href": "https://www.sandbox.paypal.com/checkoutnow?token\u003d1YF165765F412004V",
      "rel": "approve",
      "method": "GET"
    },
    {
      "href": "https://api.sandbox.paypal.com/v2/checkout/orders/1YF165765F412004V",
      "rel": "update",
      "method": "PATCH"
    },
    {
      "href": "https://api.sandbox.paypal.com/v2/checkout/orders/1YF165765F412004V/capture",
      "rel": "capture",
      "method": "POST"
    }
  ]
}
[INFO] 31-05-2024 22:20:07 [main] LogUtils - Request: 

[INFO] 31-05-2024 22:20:09 [main] LogUtils - Response Status Code: 200
[INFO] 31-05-2024 22:20:09 [main] LogUtils - Response Body: 
{
  "id": "1YF165765F412004V",
  "intent": "CAPTURE",
  "status": "CREATED",
  "purchase_units": [
    {
      "reference_id": "default",
      "amount": {
        "currency_code": "USD",
        "value": "100.00",
        "breakdown": {
          "item_total": {
            "currency_code": "USD",
            "value": "100.00"
          }
        }
      },
      "payee": {
        "email_address": "john_merchant@example.com",
        "merchant_id": "C7CYMKZDG8D6E"
      },
      "soft_descriptor": "JOHNMERCHAN",
      "items": [
        {
          "name": "T-Shirt2",
          "unit_amount": {
            "currency_code": "USD",
            "value": "100.00"
          },
          "quantity": "1",
          "description": "Green XL"
        }
      ]
    }
  ],
  "create_time": "2024-05-31T15:08:59Z",
  "links": [
    {
      "href": "https://api.sandbox.paypal.com/v2/checkout/orders/1YF165765F412004V",
      "rel": "self",
      "method": "GET"
    },
    {
      "href": "https://www.sandbox.paypal.com/checkoutnow?token\u003d1YF165765F412004V",
      "rel": "approve",
      "method": "GET"
    },
    {
      "href": "https://api.sandbox.paypal.com/v2/checkout/orders/1YF165765F412004V",
      "rel": "update",
      "method": "PATCH"
    },
    {
      "href": "https://api.sandbox.paypal.com/v2/checkout/orders/1YF165765F412004V/capture",
      "rel": "capture",
      "method": "POST"
    }
  ]
}
[INFO] 31-05-2024 22:21:15 [main] LogUtils - Request: 

[INFO] 31-05-2024 22:21:23 [main] LogUtils - Request: 

[INFO] 31-05-2024 22:21:45 [main] LogUtils - Response Status Code: 200
[INFO] 31-05-2024 22:21:45 [main] LogUtils - Response Body: 
{
  "id": "1YF165765F412004V",
  "intent": "CAPTURE",
  "status": "CREATED",
  "purchase_units": [
    {
      "reference_id": "default",
      "amount": {
        "currency_code": "USD",
        "value": "100.00",
        "breakdown": {
          "item_total": {
            "currency_code": "USD",
            "value": "100.00"
          }
        }
      },
      "payee": {
        "email_address": "john_merchant@example.com",
        "merchant_id": "C7CYMKZDG8D6E"
      },
      "soft_descriptor": "JOHNMERCHAN",
      "items": [
        {
          "name": "T-Shirt2",
          "unit_amount": {
            "currency_code": "USD",
            "value": "100.00"
          },
          "quantity": "1",
          "description": "Green XL"
        }
      ]
    }
  ],
  "create_time": "2024-05-31T15:08:59Z",
  "links": [
    {
      "href": "https://api.sandbox.paypal.com/v2/checkout/orders/1YF165765F412004V",
      "rel": "self",
      "method": "GET"
    },
    {
      "href": "https://www.sandbox.paypal.com/checkoutnow?token\u003d1YF165765F412004V",
      "rel": "approve",
      "method": "GET"
    },
    {
      "href": "https://api.sandbox.paypal.com/v2/checkout/orders/1YF165765F412004V",
      "rel": "update",
      "method": "PATCH"
    },
    {
      "href": "https://api.sandbox.paypal.com/v2/checkout/orders/1YF165765F412004V/capture",
      "rel": "capture",
      "method": "POST"
    }
  ]
}
[INFO] 31-05-2024 22:22:14 [main] LogUtils - Request: 

[INFO] 31-05-2024 22:23:58 [main] LogUtils - Request: 

[INFO] 31-05-2024 22:24:43 [main] LogUtils - Response Status Code: 200
[INFO] 31-05-2024 22:24:43 [main] LogUtils - Response Body: 
{
  "id": "1YF165765F412004V",
  "intent": "CAPTURE",
  "status": "CREATED",
  "purchase_units": [
    {
      "reference_id": "default",
      "amount": {
        "currency_code": "USD",
        "value": "100.00",
        "breakdown": {
          "item_total": {
            "currency_code": "USD",
            "value": "100.00"
          }
        }
      },
      "payee": {
        "email_address": "john_merchant@example.com",
        "merchant_id": "C7CYMKZDG8D6E"
      },
      "soft_descriptor": "JOHNMERCHAN",
      "items": [
        {
          "name": "T-Shirt2",
          "unit_amount": {
            "currency_code": "USD",
            "value": "100.00"
          },
          "quantity": "1",
          "description": "Green XL"
        }
      ]
    }
  ],
  "create_time": "2024-05-31T15:08:59Z",
  "links": [
    {
      "href": "https://api.sandbox.paypal.com/v2/checkout/orders/1YF165765F412004V",
      "rel": "self",
      "method": "GET"
    },
    {
      "href": "https://www.sandbox.paypal.com/checkoutnow?token\u003d1YF165765F412004V",
      "rel": "approve",
      "method": "GET"
    },
    {
      "href": "https://api.sandbox.paypal.com/v2/checkout/orders/1YF165765F412004V",
      "rel": "update",
      "method": "PATCH"
    },
    {
      "href": "https://api.sandbox.paypal.com/v2/checkout/orders/1YF165765F412004V/capture",
      "rel": "capture",
      "method": "POST"
    }
  ]
}
[INFO] 31-05-2024 22:27:14 [main] LogUtils - Request: 

[INFO] 31-05-2024 22:28:15 [main] LogUtils - Response Status Code: 200
[INFO] 31-05-2024 22:28:15 [main] LogUtils - Response Body: 
{
  "id": "1YF165765F412004V",
  "intent": "CAPTURE",
  "status": "CREATED",
  "purchase_units": [
    {
      "reference_id": "default",
      "amount": {
        "currency_code": "USD",
        "value": "100.00",
        "breakdown": {
          "item_total": {
            "currency_code": "USD",
            "value": "100.00"
          }
        }
      },
      "payee": {
        "email_address": "john_merchant@example.com",
        "merchant_id": "C7CYMKZDG8D6E"
      },
      "soft_descriptor": "JOHNMERCHAN",
      "items": [
        {
          "name": "T-Shirt2",
          "unit_amount": {
            "currency_code": "USD",
            "value": "100.00"
          },
          "quantity": "1",
          "description": "Green XL"
        }
      ]
    }
  ],
  "create_time": "2024-05-31T15:08:59Z",
  "links": [
    {
      "href": "https://api.sandbox.paypal.com/v2/checkout/orders/1YF165765F412004V",
      "rel": "self",
      "method": "GET"
    },
    {
      "href": "https://www.sandbox.paypal.com/checkoutnow?token\u003d1YF165765F412004V",
      "rel": "approve",
      "method": "GET"
    },
    {
      "href": "https://api.sandbox.paypal.com/v2/checkout/orders/1YF165765F412004V",
      "rel": "update",
      "method": "PATCH"
    },
    {
      "href": "https://api.sandbox.paypal.com/v2/checkout/orders/1YF165765F412004V/capture",
      "rel": "capture",
      "method": "POST"
    }
  ]
}
[INFO] 31-05-2024 22:29:30 [main] LogUtils - Request: 

[INFO] 31-05-2024 22:30:05 [main] LogUtils - Request: 

[INFO] 31-05-2024 22:30:34 [main] LogUtils - Response Status Code: 200
[INFO] 31-05-2024 22:30:34 [main] LogUtils - Response Body: 
{
  "id": "1YF165765F412004V",
  "intent": "CAPTURE",
  "status": "CREATED",
  "purchase_units": [
    {
      "reference_id": "default",
      "amount": {
        "currency_code": "USD",
        "value": "100.00",
        "breakdown": {
          "item_total": {
            "currency_code": "USD",
            "value": "100.00"
          }
        }
      },
      "payee": {
        "email_address": "john_merchant@example.com",
        "merchant_id": "C7CYMKZDG8D6E"
      },
      "soft_descriptor": "JOHNMERCHAN",
      "items": [
        {
          "name": "T-Shirt2",
          "unit_amount": {
            "currency_code": "USD",
            "value": "100.00"
          },
          "quantity": "1",
          "description": "Green XL"
        }
      ]
    }
  ],
  "create_time": "2024-05-31T15:08:59Z",
  "links": [
    {
      "href": "https://api.sandbox.paypal.com/v2/checkout/orders/1YF165765F412004V",
      "rel": "self",
      "method": "GET"
    },
    {
      "href": "https://www.sandbox.paypal.com/checkoutnow?token\u003d1YF165765F412004V",
      "rel": "approve",
      "method": "GET"
    },
    {
      "href": "https://api.sandbox.paypal.com/v2/checkout/orders/1YF165765F412004V",
      "rel": "update",
      "method": "PATCH"
    },
    {
      "href": "https://api.sandbox.paypal.com/v2/checkout/orders/1YF165765F412004V/capture",
      "rel": "capture",
      "method": "POST"
    }
  ]
}
[INFO] 31-05-2024 22:30:35 [main] LogUtils - Request: 

[INFO] 31-05-2024 22:31:27 [main] LogUtils - Request: 

[INFO] 31-05-2024 22:31:29 [main] LogUtils - Response Status Code: 200
[INFO] 31-05-2024 22:31:29 [main] LogUtils - Response Body: 
{
  "id": "1YF165765F412004V",
  "intent": "CAPTURE",
  "status": "CREATED",
  "purchase_units": [
    {
      "reference_id": "default",
      "amount": {
        "currency_code": "USD",
        "value": "100.00",
        "breakdown": {
          "item_total": {
            "currency_code": "USD",
            "value": "100.00"
          }
        }
      },
      "payee": {
        "email_address": "john_merchant@example.com",
        "merchant_id": "C7CYMKZDG8D6E"
      },
      "soft_descriptor": "JOHNMERCHAN",
      "items": [
        {
          "name": "T-Shirt2",
          "unit_amount": {
            "currency_code": "USD",
            "value": "100.00"
          },
          "quantity": "1",
          "description": "Green XL"
        }
      ]
    }
  ],
  "create_time": "2024-05-31T15:08:59Z",
  "links": [
    {
      "href": "https://api.sandbox.paypal.com/v2/checkout/orders/1YF165765F412004V",
      "rel": "self",
      "method": "GET"
    },
    {
      "href": "https://www.sandbox.paypal.com/checkoutnow?token\u003d1YF165765F412004V",
      "rel": "approve",
      "method": "GET"
    },
    {
      "href": "https://api.sandbox.paypal.com/v2/checkout/orders/1YF165765F412004V",
      "rel": "update",
      "method": "PATCH"
    },
    {
      "href": "https://api.sandbox.paypal.com/v2/checkout/orders/1YF165765F412004V/capture",
      "rel": "capture",
      "method": "POST"
    }
  ]
}
[INFO] 31-05-2024 22:33:33 [main] LogUtils - Request: 

[INFO] 31-05-2024 22:33:35 [main] LogUtils - Response Status Code: 200
[INFO] 31-05-2024 22:33:35 [main] LogUtils - Response Body: 
{
  "id": "1YF165765F412004V",
  "intent": "CAPTURE",
  "status": "CREATED",
  "purchase_units": [
    {
      "reference_id": "default",
      "amount": {
        "currency_code": "USD",
        "value": "100.00",
        "breakdown": {
          "item_total": {
            "currency_code": "USD",
            "value": "100.00"
          }
        }
      },
      "payee": {
        "email_address": "john_merchant@example.com",
        "merchant_id": "C7CYMKZDG8D6E"
      },
      "soft_descriptor": "JOHNMERCHAN",
      "items": [
        {
          "name": "T-Shirt2",
          "unit_amount": {
            "currency_code": "USD",
            "value": "100.00"
          },
          "quantity": "1",
          "description": "Green XL"
        }
      ]
    }
  ],
  "create_time": "2024-05-31T15:08:59Z",
  "links": [
    {
      "href": "https://api.sandbox.paypal.com/v2/checkout/orders/1YF165765F412004V",
      "rel": "self",
      "method": "GET"
    },
    {
      "href": "https://www.sandbox.paypal.com/checkoutnow?token\u003d1YF165765F412004V",
      "rel": "approve",
      "method": "GET"
    },
    {
      "href": "https://api.sandbox.paypal.com/v2/checkout/orders/1YF165765F412004V",
      "rel": "update",
      "method": "PATCH"
    },
    {
      "href": "https://api.sandbox.paypal.com/v2/checkout/orders/1YF165765F412004V/capture",
      "rel": "capture",
      "method": "POST"
    }
  ]
}
[INFO] 31-05-2024 22:35:06 [main] LogUtils - Request: 

[INFO] 31-05-2024 22:35:08 [main] LogUtils - Response Status Code: 200
[INFO] 31-05-2024 22:35:08 [main] LogUtils - Response Body: 
{
  "id": "1YF165765F412004V",
  "intent": "CAPTURE",
  "status": "CREATED",
  "purchase_units": [
    {
      "reference_id": "default",
      "amount": {
        "currency_code": "USD",
        "value": "100.00",
        "breakdown": {
          "item_total": {
            "currency_code": "USD",
            "value": "100.00"
          }
        }
      },
      "payee": {
        "email_address": "john_merchant@example.com",
        "merchant_id": "C7CYMKZDG8D6E"
      },
      "soft_descriptor": "JOHNMERCHAN",
      "items": [
        {
          "name": "T-Shirt2",
          "unit_amount": {
            "currency_code": "USD",
            "value": "100.00"
          },
          "quantity": "1",
          "description": "Green XL"
        }
      ]
    }
  ],
  "create_time": "2024-05-31T15:08:59Z",
  "links": [
    {
      "href": "https://api.sandbox.paypal.com/v2/checkout/orders/1YF165765F412004V",
      "rel": "self",
      "method": "GET"
    },
    {
      "href": "https://www.sandbox.paypal.com/checkoutnow?token\u003d1YF165765F412004V",
      "rel": "approve",
      "method": "GET"
    },
    {
      "href": "https://api.sandbox.paypal.com/v2/checkout/orders/1YF165765F412004V",
      "rel": "update",
      "method": "PATCH"
    },
    {
      "href": "https://api.sandbox.paypal.com/v2/checkout/orders/1YF165765F412004V/capture",
      "rel": "capture",
      "method": "POST"
    }
  ]
}
[INFO] 31-05-2024 22:39:11 [main] LogUtils - Request: 

[INFO] 31-05-2024 22:39:13 [main] LogUtils - Response Status Code: 200
[INFO] 31-05-2024 22:39:13 [main] LogUtils - Response Body: 
{
  "id": "1YF165765F412004V",
  "intent": "CAPTURE",
  "status": "CREATED",
  "purchase_units": [
    {
      "reference_id": "default",
      "amount": {
        "currency_code": "USD",
        "value": "100.00",
        "breakdown": {
          "item_total": {
            "currency_code": "USD",
            "value": "100.00"
          }
        }
      },
      "payee": {
        "email_address": "john_merchant@example.com",
        "merchant_id": "C7CYMKZDG8D6E"
      },
      "soft_descriptor": "JOHNMERCHAN",
      "items": [
        {
          "name": "T-Shirt2",
          "unit_amount": {
            "currency_code": "USD",
            "value": "100.00"
          },
          "quantity": "1",
          "description": "Green XL"
        }
      ]
    }
  ],
  "create_time": "2024-05-31T15:08:59Z",
  "links": [
    {
      "href": "https://api.sandbox.paypal.com/v2/checkout/orders/1YF165765F412004V",
      "rel": "self",
      "method": "GET"
    },
    {
      "href": "https://www.sandbox.paypal.com/checkoutnow?token\u003d1YF165765F412004V",
      "rel": "approve",
      "method": "GET"
    },
    {
      "href": "https://api.sandbox.paypal.com/v2/checkout/orders/1YF165765F412004V",
      "rel": "update",
      "method": "PATCH"
    },
    {
      "href": "https://api.sandbox.paypal.com/v2/checkout/orders/1YF165765F412004V/capture",
      "rel": "capture",
      "method": "POST"
    }
  ]
}
[INFO] 31-05-2024 23:49:14 [main] LogUtils - Request: 

[INFO] 31-05-2024 23:49:15 [main] LogUtils - Response Status Code: 400
[INFO] 31-05-2024 23:49:15 [main] LogUtils - Response Body: 
Bad Request
[INFO] 31-05-2024 23:51:01 [main] LogUtils - Request: 

[INFO] 31-05-2024 23:51:02 [main] LogUtils - Response Status Code: 400
[INFO] 31-05-2024 23:51:02 [main] LogUtils - Response Body: 
Bad Request
[INFO] 31-05-2024 23:53:18 [main] LogUtils - Request: 

[INFO] 31-05-2024 23:53:19 [main] LogUtils - Response Status Code: 400
[INFO] 31-05-2024 23:53:19 [main] LogUtils - Response Body: 
Bad Request
[INFO] 31-05-2024 23:56:04 [main] LogUtils - Request: 

[INFO] 31-05-2024 23:56:05 [main] LogUtils - Response Status Code: 400
[INFO] 31-05-2024 23:56:05 [main] LogUtils - Response Body: 
Bad Request
[INFO] 31-05-2024 23:57:59 [main] LogUtils - Request: 

[INFO] 31-05-2024 23:58:00 [main] LogUtils - Response Status Code: 400
[INFO] 31-05-2024 23:58:00 [main] LogUtils - Response Body: 
Bad Request
[INFO] 01-06-2024 00:00:38 [main] LogUtils - Request: 

[INFO] 01-06-2024 00:00:39 [main] LogUtils - Response Status Code: 400
[INFO] 01-06-2024 00:00:39 [main] LogUtils - Response Body: 
Bad Request
[INFO] 01-06-2024 00:02:26 [main] LogUtils - Request: 

[INFO] 01-06-2024 00:02:28 [main] LogUtils - Response Status Code: 400
[INFO] 01-06-2024 00:02:28 [main] LogUtils - Response Body: 
Bad Request
[INFO] 01-06-2024 00:03:08 [main] LogUtils - Request: 

[INFO] 01-06-2024 00:03:10 [main] LogUtils - Response Status Code: 400
[INFO] 01-06-2024 00:03:10 [main] LogUtils - Response Body: 
Bad Request
[INFO] 01-06-2024 00:06:03 [main] LogUtils - Request: 

[INFO] 01-06-2024 00:06:04 [main] LogUtils - Response Status Code: 400
[INFO] 01-06-2024 00:06:04 [main] LogUtils - Response Body: 
{
  "error": "unsupported_grant_type",
  "error_description": "Grant Type is NULL"
}
[INFO] 01-06-2024 00:15:04 [main] LogUtils - Request: 

[INFO] 01-06-2024 00:15:05 [main] LogUtils - Response Status Code: 400
[INFO] 01-06-2024 00:15:05 [main] LogUtils - Response Body: 
{
  "error": "unsupported_grant_type",
  "error_description": "Grant Type is NULL"
}
[INFO] 01-06-2024 00:17:00 [main] LogUtils - Request: 

[INFO] 01-06-2024 00:17:02 [main] LogUtils - Response Status Code: 400
[INFO] 01-06-2024 00:17:02 [main] LogUtils - Response Body: 
{
  "error": "invalid_client",
  "error_description": "Client credentials are missing"
}
[INFO] 01-06-2024 00:17:41 [main] LogUtils - Request: 

[INFO] 01-06-2024 00:17:43 [main] LogUtils - Response Status Code: 400
[INFO] 01-06-2024 00:17:43 [main] LogUtils - Response Body: 
{
  "error": "unsupported_grant_type",
  "error_description": "Grant Type is NULL"
}
[INFO] 01-06-2024 00:19:07 [main] LogUtils - Request: 

[INFO] 01-06-2024 00:19:08 [main] LogUtils - Response Status Code: 400
[INFO] 01-06-2024 00:19:08 [main] LogUtils - Response Body: 
{
  "error": "unsupported_grant_type",
  "error_description": "Grant Type is NULL"
}
[INFO] 01-06-2024 00:20:31 [main] LogUtils - Request: 

[INFO] 01-06-2024 00:20:32 [main] LogUtils - Response Status Code: 400
[INFO] 01-06-2024 00:20:32 [main] LogUtils - Response Body: 
{
  "error": "unsupported_grant_type",
  "error_description": "Grant Type is NULL"
}
[INFO] 01-06-2024 00:22:24 [main] LogUtils - Request: 

[INFO] 01-06-2024 00:22:25 [main] LogUtils - Response Status Code: 400
[INFO] 01-06-2024 00:22:25 [main] LogUtils - Response Body: 
{
  "error": "unsupported_grant_type",
  "error_description": "Grant Type is NULL"
}
[INFO] 01-06-2024 00:24:13 [main] LogUtils - Request: 

[INFO] 01-06-2024 00:24:15 [main] LogUtils - Response Status Code: 400
[INFO] 01-06-2024 00:24:15 [main] LogUtils - Response Body: 
{
  "error": "unsupported_grant_type",
  "error_description": "Grant Type is NULL"
}
[INFO] 01-06-2024 00:24:56 [main] LogUtils - Request: 

[INFO] 01-06-2024 00:24:58 [main] LogUtils - Response Status Code: 400
[INFO] 01-06-2024 00:24:58 [main] LogUtils - Response Body: 
{
  "error": "unsupported_grant_type",
  "error_description": "Grant Type is NULL"
}
[INFO] 01-06-2024 00:25:54 [main] LogUtils - Request: 

[INFO] 01-06-2024 00:25:56 [main] LogUtils - Response Status Code: 400
[INFO] 01-06-2024 00:25:56 [main] LogUtils - Response Body: 
{
  "error": "unsupported_grant_type",
  "error_description": "Grant Type is NULL"
}
[INFO] 01-06-2024 00:45:08 [main] LogUtils - Request: 

[INFO] 01-06-2024 00:45:10 [main] LogUtils - Response Status Code: 400
[INFO] 01-06-2024 00:45:10 [main] LogUtils - Response Body: 
{
  "error": "unsupported_grant_type",
  "error_description": "Grant Type is NULL"
}
[INFO] 01-06-2024 00:45:54 [main] LogUtils - Request: 

[INFO] 01-06-2024 00:45:56 [main] LogUtils - Response Status Code: 400
[INFO] 01-06-2024 00:45:56 [main] LogUtils - Response Body: 
{
  "error": "unsupported_grant_type",
  "error_description": "Grant Type is NULL"
}
[INFO] 01-06-2024 01:00:23 [main] LogUtils - Request: 

[INFO] 01-06-2024 01:00:24 [main] LogUtils - Response Status Code: 400
[INFO] 01-06-2024 01:00:24 [main] LogUtils - Response Body: 
{
  "error": "unsupported_grant_type",
  "error_description": "Grant Type is NULL"
}
[INFO] 01-06-2024 01:02:28 [main] LogUtils - Request: 

[INFO] 01-06-2024 01:02:30 [main] LogUtils - Response Status Code: 400
[INFO] 01-06-2024 01:02:30 [main] LogUtils - Response Body: 
{
  "error": "unsupported_grant_type",
  "error_description": "Grant Type is NULL"
}
[INFO] 01-06-2024 01:04:50 [main] LogUtils - Request: 

[INFO] 01-06-2024 01:04:51 [main] LogUtils - Response Status Code: 400
[INFO] 01-06-2024 01:04:51 [main] LogUtils - Response Body: 
{
  "error": "unsupported_grant_type",
  "error_description": "Grant Type is NULL"
}
[INFO] 01-06-2024 01:07:46 [main] LogUtils - Request: 

[INFO] 01-06-2024 01:10:24 [main] LogUtils - Request: 

[INFO] 01-06-2024 01:10:26 [main] LogUtils - Response Status Code: 200
[INFO] 01-06-2024 01:10:26 [main] LogUtils - Response Body: 
{
  "scope": "https://uri.paypal.com/services/payments/partnerfee https://uri.paypal.com/services/vault/payment-tokens/read https://uri.paypal.com/services/disputes/read-buyer https://uri.paypal.com/services/payments/realtimepayment https://uri.paypal.com/services/customer/partner-referrals https://uri.paypal.com/services/customer/onboarding/user https://uri.paypal.com/services/payments/referenced-payouts/read https://uri.paypal.com/services/disputes/update-buyer https://uri.paypal.com/services/vault/carrier-accounts/update https://uri.paypal.com/services/wallet/bank-accounts/read https://uri.paypal.com/services/reporting/search/read https://uri.paypal.com/services/wallet/balance-accounts/read https://uri.paypal.com/services/wallet/bank-accounts/internal-read https://uri.paypal.com/services/customer/partner https://uri.paypal.com/services/vault/payment-tokens/readwrite https://uri.paypal.com/services/customer/merchant-integrations/read https://uri.paypal.com/services/customer/verification-tokens/readwrite https://uri.paypal.com/v1/billing-agreements/agreementlist https://uri.paypal.com/services/vault/carrier-accounts/view https://uri.paypal.com/services/applications/webhooks https://uri.paypal.com/services/vault/restricted-elements/read https://uri.paypal.com/services/disputes/update-seller openid https://uri.paypal.com/services/billing-agreements/agreements/cancel https://uri.paypal.com/services/identity/grantdelegation https://uri.paypal.com/services/billing-agreements https://uri.paypal.com/services/payments/referenced-payouts/readwrite https://uri.paypal.com/services/customer/onboarding/applications https://uri.paypal.com/services/customer/onboarding/account https://uri.paypal.com/payments/payouts https://uri.paypal.com/services/disputes/update-partner https://uri.paypal.com/services/customer/partner-referrals/readwrite https://uri.paypal.com/services/invoicing https://uri.paypal.com/services/checkout/one-click-with-merchant-issued-token https://uri.paypal.com/services/payments/futurepayments https://uri.paypal.com/services/disputes/read-partner https://api.paypal.com/v1/vault/credit-card https://api.paypal.com/v1/payments/.* https://uri.paypal.com/services/payments/referenced-payouts-items/readwrite https://uri.paypal.com/services/wallet/bank-accounts/internal-update https://uri.paypal.com/services/applications/verify-webhook-signature https://uri.paypal.com/services/payments/channelpartner https://api.paypal.com/v1/payments/refund https://uri.paypal.com/services/payments/reversepayment Braintree:Vault https://uri.paypal.com/services/disputes/read-seller https://uri.paypal.com/services/payments/referenced-payouts-items/read https://uri.paypal.com/services/payments/refund https://uri.paypal.com/services/risk/raas/transaction-context https://uri.paypal.com/services/disputes/create https://uri.paypal.com/services/customer/consumer-referrals/create https://uri.paypal.com/services/partners/merchant-accounts/readwrite https://uri.paypal.com/services/customer/supporting-documents/readwrite https://uri.paypal.com/services/customer/onboarding/sessions https://api.paypal.com/v1/vault/credit-card/.* https://uri.paypal.com/services/shipping/trackers/readwrite https://uri.paypal.com/services/subscriptions https://uri.paypal.com/services/wallet/bank-accounts/partner-update https://uri.paypal.com/services/wallet/bank-accounts/update",
  "access_token": "A21AAKIpZHHqJVJYj7FA9BB7gXjFs1mJa-Oh6SLru3XvDgOiTGJPoSspSSNL94Oo9nFSZ_D6bLxBTIink4c1SCiBu2IoVabuQ",
  "token_type": "Bearer",
  "app_id": "APP-80W284485P519543T",
  "expires_in": 32189.0,
  "nonce": "2024-05-31T18:06:55ZgNqgnE_jDyhgBN6kv84xkrdDGAYNuli3Rj82RPDDJ-o"
}
[INFO] 01-06-2024 01:12:10 [main] LogUtils - Request: 

[INFO] 01-06-2024 01:12:12 [main] LogUtils - Response Status Code: 400
[INFO] 01-06-2024 01:12:12 [main] LogUtils - Response Body: 
{
  "error": "unsupported_grant_type",
  "error_description": "Grant Type is NULL"
}
[INFO] 01-06-2024 01:17:54 [main] LogUtils - Request: 

[INFO] 01-06-2024 01:17:56 [main] LogUtils - Response Status Code: 200
[INFO] 01-06-2024 01:17:56 [main] LogUtils - Response Body: 
{
  "scope": "https://uri.paypal.com/services/payments/partnerfee https://uri.paypal.com/services/vault/payment-tokens/read https://uri.paypal.com/services/disputes/read-buyer https://uri.paypal.com/services/payments/realtimepayment https://uri.paypal.com/services/customer/partner-referrals https://uri.paypal.com/services/customer/onboarding/user https://uri.paypal.com/services/payments/referenced-payouts/read https://uri.paypal.com/services/disputes/update-buyer https://uri.paypal.com/services/vault/carrier-accounts/update https://uri.paypal.com/services/wallet/bank-accounts/read https://uri.paypal.com/services/reporting/search/read https://uri.paypal.com/services/wallet/balance-accounts/read https://uri.paypal.com/services/wallet/bank-accounts/internal-read https://uri.paypal.com/services/customer/partner https://uri.paypal.com/services/vault/payment-tokens/readwrite https://uri.paypal.com/services/customer/merchant-integrations/read https://uri.paypal.com/services/customer/verification-tokens/readwrite https://uri.paypal.com/v1/billing-agreements/agreementlist https://uri.paypal.com/services/vault/carrier-accounts/view https://uri.paypal.com/services/applications/webhooks https://uri.paypal.com/services/vault/restricted-elements/read https://uri.paypal.com/services/disputes/update-seller openid https://uri.paypal.com/services/billing-agreements/agreements/cancel https://uri.paypal.com/services/identity/grantdelegation https://uri.paypal.com/services/billing-agreements https://uri.paypal.com/services/payments/referenced-payouts/readwrite https://uri.paypal.com/services/customer/onboarding/applications https://uri.paypal.com/services/customer/onboarding/account https://uri.paypal.com/payments/payouts https://uri.paypal.com/services/disputes/update-partner https://uri.paypal.com/services/customer/partner-referrals/readwrite https://uri.paypal.com/services/invoicing https://uri.paypal.com/services/checkout/one-click-with-merchant-issued-token https://uri.paypal.com/services/payments/futurepayments https://uri.paypal.com/services/disputes/read-partner https://api.paypal.com/v1/vault/credit-card https://api.paypal.com/v1/payments/.* https://uri.paypal.com/services/payments/referenced-payouts-items/readwrite https://uri.paypal.com/services/wallet/bank-accounts/internal-update https://uri.paypal.com/services/applications/verify-webhook-signature https://uri.paypal.com/services/payments/channelpartner https://api.paypal.com/v1/payments/refund https://uri.paypal.com/services/payments/reversepayment Braintree:Vault https://uri.paypal.com/services/disputes/read-seller https://uri.paypal.com/services/payments/referenced-payouts-items/read https://uri.paypal.com/services/payments/refund https://uri.paypal.com/services/risk/raas/transaction-context https://uri.paypal.com/services/disputes/create https://uri.paypal.com/services/customer/consumer-referrals/create https://uri.paypal.com/services/partners/merchant-accounts/readwrite https://uri.paypal.com/services/customer/supporting-documents/readwrite https://uri.paypal.com/services/customer/onboarding/sessions https://api.paypal.com/v1/vault/credit-card/.* https://uri.paypal.com/services/shipping/trackers/readwrite https://uri.paypal.com/services/subscriptions https://uri.paypal.com/services/wallet/bank-accounts/partner-update https://uri.paypal.com/services/wallet/bank-accounts/update",
  "access_token": "A21AAKIpZHHqJVJYj7FA9BB7gXjFs1mJa-Oh6SLru3XvDgOiTGJPoSspSSNL94Oo9nFSZ_D6bLxBTIink4c1SCiBu2IoVabuQ",
  "token_type": "Bearer",
  "app_id": "APP-80W284485P519543T",
  "expires_in": 31739.0,
  "nonce": "2024-05-31T18:06:55ZgNqgnE_jDyhgBN6kv84xkrdDGAYNuli3Rj82RPDDJ-o"
}
[INFO] 01-06-2024 01:19:50 [main] LogUtils - Request: 

[INFO] 01-06-2024 01:19:51 [main] LogUtils - Response Status Code: 400
[INFO] 01-06-2024 01:19:51 [main] LogUtils - Response Body: 
{
  "error": "unsupported_grant_type",
  "error_description": "Grant Type is NULL"
}
[INFO] 01-06-2024 01:20:35 [main] LogUtils - Request: 

[INFO] 01-06-2024 01:20:36 [main] LogUtils - Response Status Code: 200
[INFO] 01-06-2024 01:20:36 [main] LogUtils - Response Body: 
{
  "scope": "https://uri.paypal.com/services/payments/partnerfee https://uri.paypal.com/services/vault/payment-tokens/read https://uri.paypal.com/services/disputes/read-buyer https://uri.paypal.com/services/payments/realtimepayment https://uri.paypal.com/services/customer/partner-referrals https://uri.paypal.com/services/customer/onboarding/user https://uri.paypal.com/services/payments/referenced-payouts/read https://uri.paypal.com/services/disputes/update-buyer https://uri.paypal.com/services/vault/carrier-accounts/update https://uri.paypal.com/services/wallet/bank-accounts/read https://uri.paypal.com/services/reporting/search/read https://uri.paypal.com/services/wallet/balance-accounts/read https://uri.paypal.com/services/wallet/bank-accounts/internal-read https://uri.paypal.com/services/customer/partner https://uri.paypal.com/services/vault/payment-tokens/readwrite https://uri.paypal.com/services/customer/merchant-integrations/read https://uri.paypal.com/services/customer/verification-tokens/readwrite https://uri.paypal.com/v1/billing-agreements/agreementlist https://uri.paypal.com/services/vault/carrier-accounts/view https://uri.paypal.com/services/applications/webhooks https://uri.paypal.com/services/vault/restricted-elements/read https://uri.paypal.com/services/disputes/update-seller openid https://uri.paypal.com/services/billing-agreements/agreements/cancel https://uri.paypal.com/services/identity/grantdelegation https://uri.paypal.com/services/billing-agreements https://uri.paypal.com/services/payments/referenced-payouts/readwrite https://uri.paypal.com/services/customer/onboarding/applications https://uri.paypal.com/services/customer/onboarding/account https://uri.paypal.com/payments/payouts https://uri.paypal.com/services/disputes/update-partner https://uri.paypal.com/services/customer/partner-referrals/readwrite https://uri.paypal.com/services/invoicing https://uri.paypal.com/services/checkout/one-click-with-merchant-issued-token https://uri.paypal.com/services/payments/futurepayments https://uri.paypal.com/services/disputes/read-partner https://api.paypal.com/v1/vault/credit-card https://api.paypal.com/v1/payments/.* https://uri.paypal.com/services/payments/referenced-payouts-items/readwrite https://uri.paypal.com/services/wallet/bank-accounts/internal-update https://uri.paypal.com/services/applications/verify-webhook-signature https://uri.paypal.com/services/payments/channelpartner https://api.paypal.com/v1/payments/refund https://uri.paypal.com/services/payments/reversepayment Braintree:Vault https://uri.paypal.com/services/disputes/read-seller https://uri.paypal.com/services/payments/referenced-payouts-items/read https://uri.paypal.com/services/payments/refund https://uri.paypal.com/services/risk/raas/transaction-context https://uri.paypal.com/services/disputes/create https://uri.paypal.com/services/customer/consumer-referrals/create https://uri.paypal.com/services/partners/merchant-accounts/readwrite https://uri.paypal.com/services/customer/supporting-documents/readwrite https://uri.paypal.com/services/customer/onboarding/sessions https://api.paypal.com/v1/vault/credit-card/.* https://uri.paypal.com/services/shipping/trackers/readwrite https://uri.paypal.com/services/subscriptions https://uri.paypal.com/services/wallet/bank-accounts/partner-update https://uri.paypal.com/services/wallet/bank-accounts/update",
  "access_token": "A21AAKWZjNwl0h1N_NDuvdLrPrtZfJGJkpmB8_61BpsNElUkk10lxOBBRXmpqs4B9ldqma53d-lVfciF7-hIpfgYo_cL_OsHw",
  "token_type": "Bearer",
  "app_id": "APP-80W284485P519543T",
  "expires_in": 32367.0,
  "nonce": "2024-05-31T18:20:03ZEwZGk7vi5P1tBYbwN5M21MhRRhYPFOU9Adlq8KenLOc"
}
[INFO] 01-06-2024 01:22:12 [main] LogUtils - Request: 

[INFO] 01-06-2024 01:22:14 [main] LogUtils - Response Status Code: 200
[INFO] 01-06-2024 01:22:14 [main] LogUtils - Response Body: 
{
  "scope": "https://uri.paypal.com/services/payments/partnerfee https://uri.paypal.com/services/vault/payment-tokens/read https://uri.paypal.com/services/disputes/read-buyer https://uri.paypal.com/services/payments/realtimepayment https://uri.paypal.com/services/customer/partner-referrals https://uri.paypal.com/services/customer/onboarding/user https://uri.paypal.com/services/payments/referenced-payouts/read https://uri.paypal.com/services/disputes/update-buyer https://uri.paypal.com/services/vault/carrier-accounts/update https://uri.paypal.com/services/wallet/bank-accounts/read https://uri.paypal.com/services/reporting/search/read https://uri.paypal.com/services/wallet/balance-accounts/read https://uri.paypal.com/services/wallet/bank-accounts/internal-read https://uri.paypal.com/services/customer/partner https://uri.paypal.com/services/vault/payment-tokens/readwrite https://uri.paypal.com/services/customer/merchant-integrations/read https://uri.paypal.com/services/customer/verification-tokens/readwrite https://uri.paypal.com/v1/billing-agreements/agreementlist https://uri.paypal.com/services/vault/carrier-accounts/view https://uri.paypal.com/services/applications/webhooks https://uri.paypal.com/services/vault/restricted-elements/read https://uri.paypal.com/services/disputes/update-seller openid https://uri.paypal.com/services/billing-agreements/agreements/cancel https://uri.paypal.com/services/identity/grantdelegation https://uri.paypal.com/services/billing-agreements https://uri.paypal.com/services/payments/referenced-payouts/readwrite https://uri.paypal.com/services/customer/onboarding/applications https://uri.paypal.com/services/customer/onboarding/account https://uri.paypal.com/payments/payouts https://uri.paypal.com/services/disputes/update-partner https://uri.paypal.com/services/customer/partner-referrals/readwrite https://uri.paypal.com/services/invoicing https://uri.paypal.com/services/checkout/one-click-with-merchant-issued-token https://uri.paypal.com/services/payments/futurepayments https://uri.paypal.com/services/disputes/read-partner https://api.paypal.com/v1/vault/credit-card https://api.paypal.com/v1/payments/.* https://uri.paypal.com/services/payments/referenced-payouts-items/readwrite https://uri.paypal.com/services/wallet/bank-accounts/internal-update https://uri.paypal.com/services/applications/verify-webhook-signature https://uri.paypal.com/services/payments/channelpartner https://api.paypal.com/v1/payments/refund https://uri.paypal.com/services/payments/reversepayment Braintree:Vault https://uri.paypal.com/services/disputes/read-seller https://uri.paypal.com/services/payments/referenced-payouts-items/read https://uri.paypal.com/services/payments/refund https://uri.paypal.com/services/risk/raas/transaction-context https://uri.paypal.com/services/disputes/create https://uri.paypal.com/services/customer/consumer-referrals/create https://uri.paypal.com/services/partners/merchant-accounts/readwrite https://uri.paypal.com/services/customer/supporting-documents/readwrite https://uri.paypal.com/services/customer/onboarding/sessions https://api.paypal.com/v1/vault/credit-card/.* https://uri.paypal.com/services/shipping/trackers/readwrite https://uri.paypal.com/services/subscriptions https://uri.paypal.com/services/wallet/bank-accounts/partner-update https://uri.paypal.com/services/wallet/bank-accounts/update",
  "access_token": "A21AAKWZjNwl0h1N_NDuvdLrPrtZfJGJkpmB8_61BpsNElUkk10lxOBBRXmpqs4B9ldqma53d-lVfciF7-hIpfgYo_cL_OsHw",
  "token_type": "Bearer",
  "app_id": "APP-80W284485P519543T",
  "expires_in": 32269.0,
  "nonce": "2024-05-31T18:20:03ZEwZGk7vi5P1tBYbwN5M21MhRRhYPFOU9Adlq8KenLOc"
}
[INFO] 01-06-2024 01:22:14 [main] LogUtils - Request: 

[INFO] 01-06-2024 01:22:16 [main] LogUtils - Response Status Code: 200
[INFO] 01-06-2024 01:22:16 [main] LogUtils - Response Body: 
{
  "id": "1YF165765F412004V",
  "intent": "CAPTURE",
  "status": "CREATED",
  "purchase_units": [
    {
      "reference_id": "default",
      "amount": {
        "currency_code": "USD",
        "value": "100.00",
        "breakdown": {
          "item_total": {
            "currency_code": "USD",
            "value": "100.00"
          }
        }
      },
      "payee": {
        "email_address": "john_merchant@example.com",
        "merchant_id": "C7CYMKZDG8D6E"
      },
      "soft_descriptor": "JOHNMERCHAN",
      "items": [
        {
          "name": "T-Shirt2",
          "unit_amount": {
            "currency_code": "USD",
            "value": "100.00"
          },
          "quantity": "1",
          "description": "Green XL"
        }
      ]
    }
  ],
  "create_time": "2024-05-31T15:08:59Z",
  "links": [
    {
      "href": "https://api.sandbox.paypal.com/v2/checkout/orders/1YF165765F412004V",
      "rel": "self",
      "method": "GET"
    },
    {
      "href": "https://www.sandbox.paypal.com/checkoutnow?token\u003d1YF165765F412004V",
      "rel": "approve",
      "method": "GET"
    },
    {
      "href": "https://api.sandbox.paypal.com/v2/checkout/orders/1YF165765F412004V",
      "rel": "update",
      "method": "PATCH"
    },
    {
      "href": "https://api.sandbox.paypal.com/v2/checkout/orders/1YF165765F412004V/capture",
      "rel": "capture",
      "method": "POST"
    }
  ]
}
[INFO] 01-06-2024 09:06:22 [main] LogUtils - Request: 

[INFO] 01-06-2024 09:06:24 [main] LogUtils - Response Status Code: 200
[INFO] 01-06-2024 09:06:24 [main] LogUtils - Response Body: 
{
  "scope": "https://uri.paypal.com/services/payments/partnerfee https://uri.paypal.com/services/vault/payment-tokens/read https://uri.paypal.com/services/disputes/read-buyer https://uri.paypal.com/services/payments/realtimepayment https://uri.paypal.com/services/customer/partner-referrals https://uri.paypal.com/services/customer/onboarding/user https://uri.paypal.com/services/payments/referenced-payouts/read https://uri.paypal.com/services/disputes/update-buyer https://uri.paypal.com/services/vault/carrier-accounts/update https://uri.paypal.com/services/wallet/bank-accounts/read https://uri.paypal.com/services/reporting/search/read https://uri.paypal.com/services/wallet/balance-accounts/read https://uri.paypal.com/services/wallet/bank-accounts/internal-read https://uri.paypal.com/services/customer/partner https://uri.paypal.com/services/vault/payment-tokens/readwrite https://uri.paypal.com/services/customer/merchant-integrations/read https://uri.paypal.com/services/customer/verification-tokens/readwrite https://uri.paypal.com/v1/billing-agreements/agreementlist https://uri.paypal.com/services/vault/carrier-accounts/view https://uri.paypal.com/services/applications/webhooks https://uri.paypal.com/services/vault/restricted-elements/read https://uri.paypal.com/services/disputes/update-seller openid https://uri.paypal.com/services/billing-agreements/agreements/cancel https://uri.paypal.com/services/identity/grantdelegation https://uri.paypal.com/services/billing-agreements https://uri.paypal.com/services/payments/referenced-payouts/readwrite https://uri.paypal.com/services/customer/onboarding/applications https://uri.paypal.com/services/customer/onboarding/account https://uri.paypal.com/payments/payouts https://uri.paypal.com/services/disputes/update-partner https://uri.paypal.com/services/customer/partner-referrals/readwrite https://uri.paypal.com/services/invoicing https://uri.paypal.com/services/checkout/one-click-with-merchant-issued-token https://uri.paypal.com/services/payments/futurepayments https://uri.paypal.com/services/disputes/read-partner https://api.paypal.com/v1/vault/credit-card https://api.paypal.com/v1/payments/.* https://uri.paypal.com/services/payments/referenced-payouts-items/readwrite https://uri.paypal.com/services/wallet/bank-accounts/internal-update https://uri.paypal.com/services/applications/verify-webhook-signature https://uri.paypal.com/services/payments/channelpartner https://api.paypal.com/v1/payments/refund https://uri.paypal.com/services/payments/reversepayment Braintree:Vault https://uri.paypal.com/services/disputes/read-seller https://uri.paypal.com/services/payments/referenced-payouts-items/read https://uri.paypal.com/services/payments/refund https://uri.paypal.com/services/risk/raas/transaction-context https://uri.paypal.com/services/disputes/create https://uri.paypal.com/services/customer/consumer-referrals/create https://uri.paypal.com/services/partners/merchant-accounts/readwrite https://uri.paypal.com/services/customer/supporting-documents/readwrite https://uri.paypal.com/services/customer/onboarding/sessions https://api.paypal.com/v1/vault/credit-card/.* https://uri.paypal.com/services/shipping/trackers/readwrite https://uri.paypal.com/services/subscriptions https://uri.paypal.com/services/wallet/bank-accounts/partner-update https://uri.paypal.com/services/wallet/bank-accounts/update",
  "access_token": "A21AAJbUFRytU0rdsXXtdjABasa7lOWHVhCFEOGGK7OQj82ocOtWRCjW2CJMxoVXK_2To1TM4GRnXKRYb1VhkYVNrSiaNQqag",
  "token_type": "Bearer",
  "app_id": "APP-80W284485P519543T",
  "expires_in": 32023.0,
  "nonce": "2024-06-01T02:00:08Zgb2av4v7Axpe9xfLaZoa9-QoCGwHo6kPWL6tpQJ1A7U"
}
[INFO] 01-06-2024 09:06:24 [main] LogUtils - Request: 

[INFO] 01-06-2024 09:06:25 [main] LogUtils - Response Status Code: 201
[INFO] 01-06-2024 09:06:25 [main] LogUtils - Response Body: 
{
  "id": "9TR465721L934041A",
  "intent": "CAPTURE",
  "status": "CREATED",
  "purchase_units": [
    {
      "reference_id": "default",
      "amount": {
        "currency_code": "USD",
        "value": "100.00",
        "breakdown": {
          "item_total": {
            "currency_code": "USD",
            "value": "100.00"
          }
        }
      },
      "payee": {
        "email_address": "john_merchant@example.com",
        "merchant_id": "C7CYMKZDG8D6E"
      },
      "items": [
        {
          "name": "T-Shirt2",
          "unit_amount": {
            "currency_code": "USD",
            "value": "100.00"
          },
          "quantity": "1",
          "description": "Green XL"
        }
      ]
    }
  ],
  "create_time": "2024-06-01T02:06:26Z",
  "links": [
    {
      "href": "https://api.sandbox.paypal.com/v2/checkout/orders/9TR465721L934041A",
      "rel": "self",
      "method": "GET"
    },
    {
      "href": "https://www.sandbox.paypal.com/checkoutnow?token\u003d9TR465721L934041A",
      "rel": "approve",
      "method": "GET"
    },
    {
      "href": "https://api.sandbox.paypal.com/v2/checkout/orders/9TR465721L934041A",
      "rel": "update",
      "method": "PATCH"
    },
    {
      "href": "https://api.sandbox.paypal.com/v2/checkout/orders/9TR465721L934041A/capture",
      "rel": "capture",
      "method": "POST"
    }
  ]
}
[INFO] 01-06-2024 09:06:25 [main] LogUtils - Request: 

[INFO] 01-06-2024 09:08:17 [main] LogUtils - Request: 

[INFO] 01-06-2024 09:08:19 [main] LogUtils - Response Status Code: 200
[INFO] 01-06-2024 09:08:19 [main] LogUtils - Response Body: 
{
  "scope": "https://uri.paypal.com/services/payments/partnerfee https://uri.paypal.com/services/vault/payment-tokens/read https://uri.paypal.com/services/disputes/read-buyer https://uri.paypal.com/services/payments/realtimepayment https://uri.paypal.com/services/customer/partner-referrals https://uri.paypal.com/services/customer/onboarding/user https://uri.paypal.com/services/payments/referenced-payouts/read https://uri.paypal.com/services/disputes/update-buyer https://uri.paypal.com/services/vault/carrier-accounts/update https://uri.paypal.com/services/wallet/bank-accounts/read https://uri.paypal.com/services/reporting/search/read https://uri.paypal.com/services/wallet/balance-accounts/read https://uri.paypal.com/services/wallet/bank-accounts/internal-read https://uri.paypal.com/services/customer/partner https://uri.paypal.com/services/vault/payment-tokens/readwrite https://uri.paypal.com/services/customer/merchant-integrations/read https://uri.paypal.com/services/customer/verification-tokens/readwrite https://uri.paypal.com/v1/billing-agreements/agreementlist https://uri.paypal.com/services/vault/carrier-accounts/view https://uri.paypal.com/services/applications/webhooks https://uri.paypal.com/services/vault/restricted-elements/read https://uri.paypal.com/services/disputes/update-seller openid https://uri.paypal.com/services/billing-agreements/agreements/cancel https://uri.paypal.com/services/identity/grantdelegation https://uri.paypal.com/services/billing-agreements https://uri.paypal.com/services/payments/referenced-payouts/readwrite https://uri.paypal.com/services/customer/onboarding/applications https://uri.paypal.com/services/customer/onboarding/account https://uri.paypal.com/payments/payouts https://uri.paypal.com/services/disputes/update-partner https://uri.paypal.com/services/customer/partner-referrals/readwrite https://uri.paypal.com/services/invoicing https://uri.paypal.com/services/checkout/one-click-with-merchant-issued-token https://uri.paypal.com/services/payments/futurepayments https://uri.paypal.com/services/disputes/read-partner https://api.paypal.com/v1/vault/credit-card https://api.paypal.com/v1/payments/.* https://uri.paypal.com/services/payments/referenced-payouts-items/readwrite https://uri.paypal.com/services/wallet/bank-accounts/internal-update https://uri.paypal.com/services/applications/verify-webhook-signature https://uri.paypal.com/services/payments/channelpartner https://api.paypal.com/v1/payments/refund https://uri.paypal.com/services/payments/reversepayment Braintree:Vault https://uri.paypal.com/services/disputes/read-seller https://uri.paypal.com/services/payments/referenced-payouts-items/read https://uri.paypal.com/services/payments/refund https://uri.paypal.com/services/risk/raas/transaction-context https://uri.paypal.com/services/disputes/create https://uri.paypal.com/services/customer/consumer-referrals/create https://uri.paypal.com/services/partners/merchant-accounts/readwrite https://uri.paypal.com/services/customer/supporting-documents/readwrite https://uri.paypal.com/services/customer/onboarding/sessions https://api.paypal.com/v1/vault/credit-card/.* https://uri.paypal.com/services/shipping/trackers/readwrite https://uri.paypal.com/services/subscriptions https://uri.paypal.com/services/wallet/bank-accounts/partner-update https://uri.paypal.com/services/wallet/bank-accounts/update",
  "access_token": "A21AAJbUFRytU0rdsXXtdjABasa7lOWHVhCFEOGGK7OQj82ocOtWRCjW2CJMxoVXK_2To1TM4GRnXKRYb1VhkYVNrSiaNQqag",
  "token_type": "Bearer",
  "app_id": "APP-80W284485P519543T",
  "expires_in": 31908.0,
  "nonce": "2024-06-01T02:00:08Zgb2av4v7Axpe9xfLaZoa9-QoCGwHo6kPWL6tpQJ1A7U"
}
[INFO] 01-06-2024 09:08:19 [main] LogUtils - Request: 

[INFO] 01-06-2024 09:08:20 [main] LogUtils - Response Status Code: 200
[INFO] 01-06-2024 09:08:20 [main] LogUtils - Response Body: 
{
  "id": "9TR465721L934041A",
  "intent": "CAPTURE",
  "status": "CREATED",
  "purchase_units": [
    {
      "reference_id": "default",
      "amount": {
        "currency_code": "USD",
        "value": "100.00",
        "breakdown": {
          "item_total": {
            "currency_code": "USD",
            "value": "100.00"
          }
        }
      },
      "payee": {
        "email_address": "john_merchant@example.com",
        "merchant_id": "C7CYMKZDG8D6E"
      },
      "soft_descriptor": "JOHNMERCHAN",
      "items": [
        {
          "name": "T-Shirt2",
          "unit_amount": {
            "currency_code": "USD",
            "value": "100.00"
          },
          "quantity": "1",
          "description": "Green XL"
        }
      ]
    }
  ],
  "create_time": "2024-06-01T02:06:26Z",
  "links": [
    {
      "href": "https://api.sandbox.paypal.com/v2/checkout/orders/9TR465721L934041A",
      "rel": "self",
      "method": "GET"
    },
    {
      "href": "https://www.sandbox.paypal.com/checkoutnow?token\u003d9TR465721L934041A",
      "rel": "approve",
      "method": "GET"
    },
    {
      "href": "https://api.sandbox.paypal.com/v2/checkout/orders/9TR465721L934041A",
      "rel": "update",
      "method": "PATCH"
    },
    {
      "href": "https://api.sandbox.paypal.com/v2/checkout/orders/9TR465721L934041A/capture",
      "rel": "capture",
      "method": "POST"
    }
  ]
}
[INFO] 01-06-2024 09:08:20 [main] LogUtils - Request: 

[INFO] 01-06-2024 09:10:55 [main] LogUtils - Request: 

[INFO] 01-06-2024 09:10:56 [main] LogUtils - Response Status Code: 200
[INFO] 01-06-2024 09:10:56 [main] LogUtils - Response Body: 
{
  "scope": "https://uri.paypal.com/services/payments/partnerfee https://uri.paypal.com/services/vault/payment-tokens/read https://uri.paypal.com/services/disputes/read-buyer https://uri.paypal.com/services/payments/realtimepayment https://uri.paypal.com/services/customer/partner-referrals https://uri.paypal.com/services/customer/onboarding/user https://uri.paypal.com/services/payments/referenced-payouts/read https://uri.paypal.com/services/disputes/update-buyer https://uri.paypal.com/services/vault/carrier-accounts/update https://uri.paypal.com/services/wallet/bank-accounts/read https://uri.paypal.com/services/reporting/search/read https://uri.paypal.com/services/wallet/balance-accounts/read https://uri.paypal.com/services/wallet/bank-accounts/internal-read https://uri.paypal.com/services/customer/partner https://uri.paypal.com/services/vault/payment-tokens/readwrite https://uri.paypal.com/services/customer/merchant-integrations/read https://uri.paypal.com/services/customer/verification-tokens/readwrite https://uri.paypal.com/v1/billing-agreements/agreementlist https://uri.paypal.com/services/vault/carrier-accounts/view https://uri.paypal.com/services/applications/webhooks https://uri.paypal.com/services/vault/restricted-elements/read https://uri.paypal.com/services/disputes/update-seller openid https://uri.paypal.com/services/billing-agreements/agreements/cancel https://uri.paypal.com/services/identity/grantdelegation https://uri.paypal.com/services/billing-agreements https://uri.paypal.com/services/payments/referenced-payouts/readwrite https://uri.paypal.com/services/customer/onboarding/applications https://uri.paypal.com/services/customer/onboarding/account https://uri.paypal.com/payments/payouts https://uri.paypal.com/services/disputes/update-partner https://uri.paypal.com/services/customer/partner-referrals/readwrite https://uri.paypal.com/services/invoicing https://uri.paypal.com/services/checkout/one-click-with-merchant-issued-token https://uri.paypal.com/services/payments/futurepayments https://uri.paypal.com/services/disputes/read-partner https://api.paypal.com/v1/vault/credit-card https://api.paypal.com/v1/payments/.* https://uri.paypal.com/services/payments/referenced-payouts-items/readwrite https://uri.paypal.com/services/wallet/bank-accounts/internal-update https://uri.paypal.com/services/applications/verify-webhook-signature https://uri.paypal.com/services/payments/channelpartner https://api.paypal.com/v1/payments/refund https://uri.paypal.com/services/payments/reversepayment Braintree:Vault https://uri.paypal.com/services/disputes/read-seller https://uri.paypal.com/services/payments/referenced-payouts-items/read https://uri.paypal.com/services/payments/refund https://uri.paypal.com/services/risk/raas/transaction-context https://uri.paypal.com/services/disputes/create https://uri.paypal.com/services/customer/consumer-referrals/create https://uri.paypal.com/services/partners/merchant-accounts/readwrite https://uri.paypal.com/services/customer/supporting-documents/readwrite https://uri.paypal.com/services/customer/onboarding/sessions https://api.paypal.com/v1/vault/credit-card/.* https://uri.paypal.com/services/shipping/trackers/readwrite https://uri.paypal.com/services/subscriptions https://uri.paypal.com/services/wallet/bank-accounts/partner-update https://uri.paypal.com/services/wallet/bank-accounts/update",
  "access_token": "A21AAJbUFRytU0rdsXXtdjABasa7lOWHVhCFEOGGK7OQj82ocOtWRCjW2CJMxoVXK_2To1TM4GRnXKRYb1VhkYVNrSiaNQqag",
  "token_type": "Bearer",
  "app_id": "APP-80W284485P519543T",
  "expires_in": 31751.0,
  "nonce": "2024-06-01T02:00:08Zgb2av4v7Axpe9xfLaZoa9-QoCGwHo6kPWL6tpQJ1A7U"
}
[INFO] 01-06-2024 09:10:56 [main] LogUtils - Request: 

[INFO] 01-06-2024 09:10:57 [main] LogUtils - Response Status Code: 200
[INFO] 01-06-2024 09:10:57 [main] LogUtils - Response Body: 
{
  "id": "9TR465721L934041A",
  "intent": "CAPTURE",
  "status": "CREATED",
  "purchase_units": [
    {
      "reference_id": "default",
      "amount": {
        "currency_code": "USD",
        "value": "100.00",
        "breakdown": {
          "item_total": {
            "currency_code": "USD",
            "value": "100.00"
          }
        }
      },
      "payee": {
        "email_address": "john_merchant@example.com",
        "merchant_id": "C7CYMKZDG8D6E"
      },
      "soft_descriptor": "JOHNMERCHAN",
      "items": [
        {
          "name": "T-Shirt2",
          "unit_amount": {
            "currency_code": "USD",
            "value": "100.00"
          },
          "quantity": "1",
          "description": "Green XL"
        }
      ]
    }
  ],
  "create_time": "2024-06-01T02:06:26Z",
  "links": [
    {
      "href": "https://api.sandbox.paypal.com/v2/checkout/orders/9TR465721L934041A",
      "rel": "self",
      "method": "GET"
    },
    {
      "href": "https://www.sandbox.paypal.com/checkoutnow?token\u003d9TR465721L934041A",
      "rel": "approve",
      "method": "GET"
    },
    {
      "href": "https://api.sandbox.paypal.com/v2/checkout/orders/9TR465721L934041A",
      "rel": "update",
      "method": "PATCH"
    },
    {
      "href": "https://api.sandbox.paypal.com/v2/checkout/orders/9TR465721L934041A/capture",
      "rel": "capture",
      "method": "POST"
    }
  ]
}
[INFO] 01-06-2024 09:10:57 [main] LogUtils - Request: 

[INFO] 01-06-2024 09:13:32 [main] LogUtils - Request: 

[INFO] 01-06-2024 09:13:34 [main] LogUtils - Response Status Code: 200
[INFO] 01-06-2024 09:13:34 [main] LogUtils - Response Body: 
{
  "scope": "https://uri.paypal.com/services/payments/partnerfee https://uri.paypal.com/services/vault/payment-tokens/read https://uri.paypal.com/services/disputes/read-buyer https://uri.paypal.com/services/payments/realtimepayment https://uri.paypal.com/services/customer/partner-referrals https://uri.paypal.com/services/customer/onboarding/user https://uri.paypal.com/services/payments/referenced-payouts/read https://uri.paypal.com/services/disputes/update-buyer https://uri.paypal.com/services/vault/carrier-accounts/update https://uri.paypal.com/services/wallet/bank-accounts/read https://uri.paypal.com/services/reporting/search/read https://uri.paypal.com/services/wallet/balance-accounts/read https://uri.paypal.com/services/wallet/bank-accounts/internal-read https://uri.paypal.com/services/customer/partner https://uri.paypal.com/services/vault/payment-tokens/readwrite https://uri.paypal.com/services/customer/merchant-integrations/read https://uri.paypal.com/services/customer/verification-tokens/readwrite https://uri.paypal.com/v1/billing-agreements/agreementlist https://uri.paypal.com/services/vault/carrier-accounts/view https://uri.paypal.com/services/applications/webhooks https://uri.paypal.com/services/vault/restricted-elements/read https://uri.paypal.com/services/disputes/update-seller openid https://uri.paypal.com/services/billing-agreements/agreements/cancel https://uri.paypal.com/services/identity/grantdelegation https://uri.paypal.com/services/billing-agreements https://uri.paypal.com/services/payments/referenced-payouts/readwrite https://uri.paypal.com/services/customer/onboarding/applications https://uri.paypal.com/services/customer/onboarding/account https://uri.paypal.com/payments/payouts https://uri.paypal.com/services/disputes/update-partner https://uri.paypal.com/services/customer/partner-referrals/readwrite https://uri.paypal.com/services/invoicing https://uri.paypal.com/services/checkout/one-click-with-merchant-issued-token https://uri.paypal.com/services/payments/futurepayments https://uri.paypal.com/services/disputes/read-partner https://api.paypal.com/v1/vault/credit-card https://api.paypal.com/v1/payments/.* https://uri.paypal.com/services/payments/referenced-payouts-items/readwrite https://uri.paypal.com/services/wallet/bank-accounts/internal-update https://uri.paypal.com/services/applications/verify-webhook-signature https://uri.paypal.com/services/payments/channelpartner https://api.paypal.com/v1/payments/refund https://uri.paypal.com/services/payments/reversepayment Braintree:Vault https://uri.paypal.com/services/disputes/read-seller https://uri.paypal.com/services/payments/referenced-payouts-items/read https://uri.paypal.com/services/payments/refund https://uri.paypal.com/services/risk/raas/transaction-context https://uri.paypal.com/services/disputes/create https://uri.paypal.com/services/customer/consumer-referrals/create https://uri.paypal.com/services/partners/merchant-accounts/readwrite https://uri.paypal.com/services/customer/supporting-documents/readwrite https://uri.paypal.com/services/customer/onboarding/sessions https://api.paypal.com/v1/vault/credit-card/.* https://uri.paypal.com/services/shipping/trackers/readwrite https://uri.paypal.com/services/subscriptions https://uri.paypal.com/services/wallet/bank-accounts/partner-update https://uri.paypal.com/services/wallet/bank-accounts/update",
  "access_token": "A21AAJbUFRytU0rdsXXtdjABasa7lOWHVhCFEOGGK7OQj82ocOtWRCjW2CJMxoVXK_2To1TM4GRnXKRYb1VhkYVNrSiaNQqag",
  "token_type": "Bearer",
  "app_id": "APP-80W284485P519543T",
  "expires_in": 31593.0,
  "nonce": "2024-06-01T02:00:08Zgb2av4v7Axpe9xfLaZoa9-QoCGwHo6kPWL6tpQJ1A7U"
}
[INFO] 01-06-2024 09:13:35 [main] LogUtils - Request: 

[INFO] 01-06-2024 09:13:36 [main] LogUtils - Response Status Code: 200
[INFO] 01-06-2024 09:13:36 [main] LogUtils - Response Body: 
{
  "id": "9TR465721L934041A",
  "intent": "CAPTURE",
  "status": "CREATED",
  "purchase_units": [
    {
      "reference_id": "default",
      "amount": {
        "currency_code": "USD",
        "value": "100.00",
        "breakdown": {
          "item_total": {
            "currency_code": "USD",
            "value": "100.00"
          }
        }
      },
      "payee": {
        "email_address": "john_merchant@example.com",
        "merchant_id": "C7CYMKZDG8D6E"
      },
      "soft_descriptor": "JOHNMERCHAN",
      "items": [
        {
          "name": "T-Shirt2",
          "unit_amount": {
            "currency_code": "USD",
            "value": "100.00"
          },
          "quantity": "1",
          "description": "Green XL"
        }
      ]
    }
  ],
  "create_time": "2024-06-01T02:06:26Z",
  "links": [
    {
      "href": "https://api.sandbox.paypal.com/v2/checkout/orders/9TR465721L934041A",
      "rel": "self",
      "method": "GET"
    },
    {
      "href": "https://www.sandbox.paypal.com/checkoutnow?token\u003d9TR465721L934041A",
      "rel": "approve",
      "method": "GET"
    },
    {
      "href": "https://api.sandbox.paypal.com/v2/checkout/orders/9TR465721L934041A",
      "rel": "update",
      "method": "PATCH"
    },
    {
      "href": "https://api.sandbox.paypal.com/v2/checkout/orders/9TR465721L934041A/capture",
      "rel": "capture",
      "method": "POST"
    }
  ]
}
[INFO] 01-06-2024 09:13:36 [main] LogUtils - Request: 

[INFO] 01-06-2024 09:13:37 [main] LogUtils - Response Status Code: 200
[INFO] 01-06-2024 09:13:37 [main] LogUtils - Response Body: 
{
  "id": "9TR465721L934041A",
  "intent": "CAPTURE",
  "status": "CREATED",
  "purchase_units": [
    {
      "reference_id": "default",
      "amount": {
        "currency_code": "USD",
        "value": "100.00",
        "breakdown": {
          "item_total": {
            "currency_code": "USD",
            "value": "100.00"
          }
        }
      },
      "payee": {
        "email_address": "john_merchant@example.com",
        "merchant_id": "C7CYMKZDG8D6E"
      },
      "soft_descriptor": "JOHNMERCHAN",
      "items": [
        {
          "name": "T-Shirt2",
          "unit_amount": {
            "currency_code": "USD",
            "value": "100.00"
          },
          "quantity": "1",
          "description": "Green XL"
        }
      ]
    }
  ],
  "create_time": "2024-06-01T02:06:26Z",
  "links": [
    {
      "href": "https://api.sandbox.paypal.com/v2/checkout/orders/9TR465721L934041A",
      "rel": "self",
      "method": "GET"
    },
    {
      "href": "https://www.sandbox.paypal.com/checkoutnow?token\u003d9TR465721L934041A",
      "rel": "approve",
      "method": "GET"
    },
    {
      "href": "https://api.sandbox.paypal.com/v2/checkout/orders/9TR465721L934041A",
      "rel": "update",
      "method": "PATCH"
    },
    {
      "href": "https://api.sandbox.paypal.com/v2/checkout/orders/9TR465721L934041A/capture",
      "rel": "capture",
      "method": "POST"
    }
  ]
}
[INFO] 01-06-2024 09:14:35 [main] LogUtils - Request: 

[INFO] 01-06-2024 09:14:37 [main] LogUtils - Response Status Code: 200
[INFO] 01-06-2024 09:14:37 [main] LogUtils - Response Body: 
{
  "scope": "https://uri.paypal.com/services/payments/partnerfee https://uri.paypal.com/services/vault/payment-tokens/read https://uri.paypal.com/services/disputes/read-buyer https://uri.paypal.com/services/payments/realtimepayment https://uri.paypal.com/services/customer/partner-referrals https://uri.paypal.com/services/customer/onboarding/user https://uri.paypal.com/services/payments/referenced-payouts/read https://uri.paypal.com/services/disputes/update-buyer https://uri.paypal.com/services/vault/carrier-accounts/update https://uri.paypal.com/services/wallet/bank-accounts/read https://uri.paypal.com/services/reporting/search/read https://uri.paypal.com/services/wallet/balance-accounts/read https://uri.paypal.com/services/wallet/bank-accounts/internal-read https://uri.paypal.com/services/customer/partner https://uri.paypal.com/services/vault/payment-tokens/readwrite https://uri.paypal.com/services/customer/merchant-integrations/read https://uri.paypal.com/services/customer/verification-tokens/readwrite https://uri.paypal.com/v1/billing-agreements/agreementlist https://uri.paypal.com/services/vault/carrier-accounts/view https://uri.paypal.com/services/applications/webhooks https://uri.paypal.com/services/vault/restricted-elements/read https://uri.paypal.com/services/disputes/update-seller openid https://uri.paypal.com/services/billing-agreements/agreements/cancel https://uri.paypal.com/services/identity/grantdelegation https://uri.paypal.com/services/billing-agreements https://uri.paypal.com/services/payments/referenced-payouts/readwrite https://uri.paypal.com/services/customer/onboarding/applications https://uri.paypal.com/services/customer/onboarding/account https://uri.paypal.com/payments/payouts https://uri.paypal.com/services/disputes/update-partner https://uri.paypal.com/services/customer/partner-referrals/readwrite https://uri.paypal.com/services/invoicing https://uri.paypal.com/services/checkout/one-click-with-merchant-issued-token https://uri.paypal.com/services/payments/futurepayments https://uri.paypal.com/services/disputes/read-partner https://api.paypal.com/v1/vault/credit-card https://api.paypal.com/v1/payments/.* https://uri.paypal.com/services/payments/referenced-payouts-items/readwrite https://uri.paypal.com/services/wallet/bank-accounts/internal-update https://uri.paypal.com/services/applications/verify-webhook-signature https://uri.paypal.com/services/payments/channelpartner https://api.paypal.com/v1/payments/refund https://uri.paypal.com/services/payments/reversepayment Braintree:Vault https://uri.paypal.com/services/disputes/read-seller https://uri.paypal.com/services/payments/referenced-payouts-items/read https://uri.paypal.com/services/payments/refund https://uri.paypal.com/services/risk/raas/transaction-context https://uri.paypal.com/services/disputes/create https://uri.paypal.com/services/customer/consumer-referrals/create https://uri.paypal.com/services/partners/merchant-accounts/readwrite https://uri.paypal.com/services/customer/supporting-documents/readwrite https://uri.paypal.com/services/customer/onboarding/sessions https://api.paypal.com/v1/vault/credit-card/.* https://uri.paypal.com/services/shipping/trackers/readwrite https://uri.paypal.com/services/subscriptions https://uri.paypal.com/services/wallet/bank-accounts/partner-update https://uri.paypal.com/services/wallet/bank-accounts/update",
  "access_token": "A21AAJbUFRytU0rdsXXtdjABasa7lOWHVhCFEOGGK7OQj82ocOtWRCjW2CJMxoVXK_2To1TM4GRnXKRYb1VhkYVNrSiaNQqag",
  "token_type": "Bearer",
  "app_id": "APP-80W284485P519543T",
  "expires_in": 31530.0,
  "nonce": "2024-06-01T02:00:08Zgb2av4v7Axpe9xfLaZoa9-QoCGwHo6kPWL6tpQJ1A7U"
}
[INFO] 01-06-2024 09:14:38 [main] LogUtils - Request: 

[INFO] 01-06-2024 09:14:39 [main] LogUtils - Response Status Code: 200
[INFO] 01-06-2024 09:14:39 [main] LogUtils - Response Body: 
{
  "id": "9TR465721L934041A",
  "intent": "CAPTURE",
  "status": "CREATED",
  "purchase_units": [
    {
      "reference_id": "default",
      "amount": {
        "currency_code": "USD",
        "value": "100.00",
        "breakdown": {
          "item_total": {
            "currency_code": "USD",
            "value": "100.00"
          }
        }
      },
      "payee": {
        "email_address": "john_merchant@example.com",
        "merchant_id": "C7CYMKZDG8D6E"
      },
      "soft_descriptor": "JOHNMERCHAN",
      "items": [
        {
          "name": "T-Shirt2",
          "unit_amount": {
            "currency_code": "USD",
            "value": "100.00"
          },
          "quantity": "1",
          "description": "Green XL"
        }
      ]
    }
  ],
  "create_time": "2024-06-01T02:06:26Z",
  "links": [
    {
      "href": "https://api.sandbox.paypal.com/v2/checkout/orders/9TR465721L934041A",
      "rel": "self",
      "method": "GET"
    },
    {
      "href": "https://www.sandbox.paypal.com/checkoutnow?token\u003d9TR465721L934041A",
      "rel": "approve",
      "method": "GET"
    },
    {
      "href": "https://api.sandbox.paypal.com/v2/checkout/orders/9TR465721L934041A",
      "rel": "update",
      "method": "PATCH"
    },
    {
      "href": "https://api.sandbox.paypal.com/v2/checkout/orders/9TR465721L934041A/capture",
      "rel": "capture",
      "method": "POST"
    }
  ]
}
[INFO] 01-06-2024 09:14:39 [main] LogUtils - Request: 

[INFO] 01-06-2024 09:14:40 [main] LogUtils - Response Status Code: 200
[INFO] 01-06-2024 09:14:40 [main] LogUtils - Response Body: 
{
  "id": "9TR465721L934041A",
  "intent": "CAPTURE",
  "status": "CREATED",
  "purchase_units": [
    {
      "reference_id": "default",
      "amount": {
        "currency_code": "USD",
        "value": "100.00",
        "breakdown": {
          "item_total": {
            "currency_code": "USD",
            "value": "100.00"
          }
        }
      },
      "payee": {
        "email_address": "john_merchant@example.com",
        "merchant_id": "C7CYMKZDG8D6E"
      },
      "soft_descriptor": "JOHNMERCHAN",
      "items": [
        {
          "name": "T-Shirt2",
          "unit_amount": {
            "currency_code": "USD",
            "value": "100.00"
          },
          "quantity": "1",
          "description": "Green XL"
        }
      ]
    }
  ],
  "create_time": "2024-06-01T02:06:26Z",
  "links": [
    {
      "href": "https://api.sandbox.paypal.com/v2/checkout/orders/9TR465721L934041A",
      "rel": "self",
      "method": "GET"
    },
    {
      "href": "https://www.sandbox.paypal.com/checkoutnow?token\u003d9TR465721L934041A",
      "rel": "approve",
      "method": "GET"
    },
    {
      "href": "https://api.sandbox.paypal.com/v2/checkout/orders/9TR465721L934041A",
      "rel": "update",
      "method": "PATCH"
    },
    {
      "href": "https://api.sandbox.paypal.com/v2/checkout/orders/9TR465721L934041A/capture",
      "rel": "capture",
      "method": "POST"
    }
  ]
}
[INFO] 01-06-2024 09:35:43 [main] LogUtils - Request: 

[INFO] 01-06-2024 09:35:45 [main] LogUtils - Response Status Code: 200
[INFO] 01-06-2024 09:35:45 [main] LogUtils - Response Body: 
{
  "scope": "https://uri.paypal.com/services/payments/partnerfee https://uri.paypal.com/services/vault/payment-tokens/read https://uri.paypal.com/services/disputes/read-buyer https://uri.paypal.com/services/payments/realtimepayment https://uri.paypal.com/services/customer/partner-referrals https://uri.paypal.com/services/customer/onboarding/user https://uri.paypal.com/services/payments/referenced-payouts/read https://uri.paypal.com/services/disputes/update-buyer https://uri.paypal.com/services/vault/carrier-accounts/update https://uri.paypal.com/services/wallet/bank-accounts/read https://uri.paypal.com/services/reporting/search/read https://uri.paypal.com/services/wallet/balance-accounts/read https://uri.paypal.com/services/wallet/bank-accounts/internal-read https://uri.paypal.com/services/customer/partner https://uri.paypal.com/services/vault/payment-tokens/readwrite https://uri.paypal.com/services/customer/merchant-integrations/read https://uri.paypal.com/services/customer/verification-tokens/readwrite https://uri.paypal.com/v1/billing-agreements/agreementlist https://uri.paypal.com/services/vault/carrier-accounts/view https://uri.paypal.com/services/applications/webhooks https://uri.paypal.com/services/vault/restricted-elements/read https://uri.paypal.com/services/disputes/update-seller openid https://uri.paypal.com/services/billing-agreements/agreements/cancel https://uri.paypal.com/services/identity/grantdelegation https://uri.paypal.com/services/billing-agreements https://uri.paypal.com/services/payments/referenced-payouts/readwrite https://uri.paypal.com/services/customer/onboarding/applications https://uri.paypal.com/services/customer/onboarding/account https://uri.paypal.com/payments/payouts https://uri.paypal.com/services/disputes/update-partner https://uri.paypal.com/services/customer/partner-referrals/readwrite https://uri.paypal.com/services/invoicing https://uri.paypal.com/services/checkout/one-click-with-merchant-issued-token https://uri.paypal.com/services/payments/futurepayments https://uri.paypal.com/services/disputes/read-partner https://api.paypal.com/v1/vault/credit-card https://api.paypal.com/v1/payments/.* https://uri.paypal.com/services/payments/referenced-payouts-items/readwrite https://uri.paypal.com/services/wallet/bank-accounts/internal-update https://uri.paypal.com/services/applications/verify-webhook-signature https://uri.paypal.com/services/payments/channelpartner https://api.paypal.com/v1/payments/refund https://uri.paypal.com/services/payments/reversepayment Braintree:Vault https://uri.paypal.com/services/disputes/read-seller https://uri.paypal.com/services/payments/referenced-payouts-items/read https://uri.paypal.com/services/payments/refund https://uri.paypal.com/services/risk/raas/transaction-context https://uri.paypal.com/services/disputes/create https://uri.paypal.com/services/customer/consumer-referrals/create https://uri.paypal.com/services/partners/merchant-accounts/readwrite https://uri.paypal.com/services/customer/supporting-documents/readwrite https://uri.paypal.com/services/customer/onboarding/sessions https://api.paypal.com/v1/vault/credit-card/.* https://uri.paypal.com/services/shipping/trackers/readwrite https://uri.paypal.com/services/subscriptions https://uri.paypal.com/services/wallet/bank-accounts/partner-update https://uri.paypal.com/services/wallet/bank-accounts/update",
  "access_token": "A21AAJbUFRytU0rdsXXtdjABasa7lOWHVhCFEOGGK7OQj82ocOtWRCjW2CJMxoVXK_2To1TM4GRnXKRYb1VhkYVNrSiaNQqag",
  "token_type": "Bearer",
  "app_id": "APP-80W284485P519543T",
  "expires_in": 30262.0,
  "nonce": "2024-06-01T02:00:08Zgb2av4v7Axpe9xfLaZoa9-QoCGwHo6kPWL6tpQJ1A7U"
}
[INFO] 01-06-2024 09:35:45 [main] LogUtils - Request: 

[INFO] 01-06-2024 09:35:46 [main] LogUtils - Response Status Code: 200
[INFO] 01-06-2024 09:35:46 [main] LogUtils - Response Body: 
{
  "id": "9TR465721L934041A",
  "intent": "CAPTURE",
  "status": "CREATED",
  "purchase_units": [
    {
      "reference_id": "default",
      "amount": {
        "currency_code": "USD",
        "value": "100.00",
        "breakdown": {
          "item_total": {
            "currency_code": "USD",
            "value": "100.00"
          }
        }
      },
      "payee": {
        "email_address": "john_merchant@example.com",
        "merchant_id": "C7CYMKZDG8D6E"
      },
      "soft_descriptor": "JOHNMERCHAN",
      "items": [
        {
          "name": "T-Shirt2",
          "unit_amount": {
            "currency_code": "USD",
            "value": "100.00"
          },
          "quantity": "1",
          "description": "Green XL"
        }
      ]
    }
  ],
  "create_time": "2024-06-01T02:06:26Z",
  "links": [
    {
      "href": "https://api.sandbox.paypal.com/v2/checkout/orders/9TR465721L934041A",
      "rel": "self",
      "method": "GET"
    },
    {
      "href": "https://www.sandbox.paypal.com/checkoutnow?token\u003d9TR465721L934041A",
      "rel": "approve",
      "method": "GET"
    },
    {
      "href": "https://api.sandbox.paypal.com/v2/checkout/orders/9TR465721L934041A",
      "rel": "update",
      "method": "PATCH"
    },
    {
      "href": "https://api.sandbox.paypal.com/v2/checkout/orders/9TR465721L934041A/capture",
      "rel": "capture",
      "method": "POST"
    }
  ]
}
[INFO] 01-06-2024 09:35:46 [main] LogUtils - Request: 

[INFO] 01-06-2024 09:35:48 [main] LogUtils - Response Status Code: 200
[INFO] 01-06-2024 09:35:48 [main] LogUtils - Response Body: 
{
  "id": "9TR465721L934041A",
  "intent": "CAPTURE",
  "status": "CREATED",
  "purchase_units": [
    {
      "reference_id": "default",
      "amount": {
        "currency_code": "USD",
        "value": "100.00",
        "breakdown": {
          "item_total": {
            "currency_code": "USD",
            "value": "100.00"
          }
        }
      },
      "payee": {
        "email_address": "john_merchant@example.com",
        "merchant_id": "C7CYMKZDG8D6E"
      },
      "soft_descriptor": "JOHNMERCHAN",
      "items": [
        {
          "name": "T-Shirt2",
          "unit_amount": {
            "currency_code": "USD",
            "value": "100.00"
          },
          "quantity": "1",
          "description": "Green XL"
        }
      ]
    }
  ],
  "create_time": "2024-06-01T02:06:26Z",
  "links": [
    {
      "href": "https://api.sandbox.paypal.com/v2/checkout/orders/9TR465721L934041A",
      "rel": "self",
      "method": "GET"
    },
    {
      "href": "https://www.sandbox.paypal.com/checkoutnow?token\u003d9TR465721L934041A",
      "rel": "approve",
      "method": "GET"
    },
    {
      "href": "https://api.sandbox.paypal.com/v2/checkout/orders/9TR465721L934041A",
      "rel": "update",
      "method": "PATCH"
    },
    {
      "href": "https://api.sandbox.paypal.com/v2/checkout/orders/9TR465721L934041A/capture",
      "rel": "capture",
      "method": "POST"
    }
  ]
}
